build/app/intermediates/manifest_merge_blame_file/debug/manifest-merger-blame-debug-report.txt
1<?xml version="1.0" encoding="utf-8"?>
2<manifest xmlns:android="http://schemas.android.com/apk/res/android"
3    package="com.example.dars_29_home"
4    android:versionCode="1"
5    android:versionName="1.0.0" >
6
7    <uses-sdk
8        android:minSdkVersion="21"
9        android:targetSdkVersion="34" />
10    <!--
11         The INTERNET permission is required for development. Specifically,
12         the Flutter tool needs it to communicate with the running application
13         to allow setting breakpoints, to provide hot reload, etc.
14    -->
15    <uses-permission android:name="android.permission.INTERNET" />
15-->src\debug\AndroidManifest.xml:6:5-66
15-->src\debug\AndroidManifest.xml:6:22-64
16    <!--
17     Required to query activities that can process text, see:
18         https://developer.android.com/training/package-visibility and
19         https://developer.android.com/reference/android/content/Intent#ACTION_PROCESS_TEXT.
20
21         In particular, this is used by the Flutter engine in io.flutter.plugin.text.ProcessTextPlugin.
22    -->
23    <queries>
23-->src\main\AndroidManifest.xml:39:5-44:15
24        <intent>
24-->src\main\AndroidManifest.xml:40:9-43:18
25            <action android:name="android.intent.action.PROCESS_TEXT" />
25-->src\main\AndroidManifest.xml:41:13-72
25-->src\main\AndroidManifest.xml:41:21-70
26
27            <data android:mimeType="text/plain" />
27-->src\main\AndroidManifest.xml:42:13-50
27-->src\main\AndroidManifest.xml:42:19-48
28        </intent>
29        <intent>
29-->[:flutter_inappwebview] AndroidManifest.xml:10:9-12:18
30            <action android:name="android.support.customtabs.action.CustomTabsService" />
30-->[:flutter_inappwebview] AndroidManifest.xml:11:13-90
30-->[:flutter_inappwebview] AndroidManifest.xml:11:21-87
31        </intent>
32    </queries>
33
34    <application
35        android:name="android.app.Application"
36        android:appComponentFactory="androidx.core.app.CoreComponentFactory"
36-->[androidx.core:core:1.8.0] AndroidManifest.xml:24:18-86
37        android:debuggable="true"
38        android:icon="@mipmap/ic_launcher"
39        android:label="dars_29_home" >
40        <activity
41            android:name="com.example.dars_29_home.MainActivity"
42            android:configChanges="orientation|keyboardHidden|keyboard|screenSize|smallestScreenSize|locale|layoutDirection|fontScale|screenLayout|density|uiMode"
43            android:exported="true"
44            android:hardwareAccelerated="true"
45            android:launchMode="singleTop"
46            android:taskAffinity=""
47            android:theme="@style/LaunchTheme"
48            android:windowSoftInputMode="adjustResize" >
49
50            <!--
51                 Specifies an Android theme to apply to this Activity as soon as
52                 the Android process has started. This theme is visible to the user
53                 while the Flutter UI initializes. After that, this theme continues
54                 to determine the Window background behind the Flutter UI.
55            -->
56            <meta-data
57                android:name="io.flutter.embedding.android.NormalTheme"
58                android:resource="@style/NormalTheme" />
59
60            <intent-filter>
61                <action android:name="android.intent.action.MAIN" />
62
63                <category android:name="android.intent.category.LAUNCHER" />
64            </intent-filter>
65        </activity>
66        <!--
67             Don't delete the meta-data below.
68             This is used by the Flutter tool to generate GeneratedPluginRegistrant.java
69        -->
70        <meta-data
71            android:name="flutterEmbedding"
72            android:value="2" />
73
74        <activity
74-->[:flutter_inappwebview] AndroidManifest.xml:16:9-20:47
75            android:name="com.pichillilorenzo.flutter_inappwebview.in_app_browser.InAppBrowserActivity"
75-->[:flutter_inappwebview] AndroidManifest.xml:17:13-104
76            android:configChanges="orientation|keyboardHidden|keyboard|screenSize|locale|layoutDirection|fontScale|screenLayout|density"
76-->[:flutter_inappwebview] AndroidManifest.xml:18:13-137
77            android:exported="false"
77-->[:flutter_inappwebview] AndroidManifest.xml:19:13-37
78            android:theme="@style/AppTheme" />
78-->[:flutter_inappwebview] AndroidManifest.xml:20:13-44
79        <activity
79-->[:flutter_inappwebview] AndroidManifest.xml:21:9-24:55
80            android:name="com.pichillilorenzo.flutter_inappwebview.chrome_custom_tabs.ChromeCustomTabsActivity"
80-->[:flutter_inappwebview] AndroidManifest.xml:22:13-112
81            android:exported="false"
81-->[:flutter_inappwebview] AndroidManifest.xml:23:13-37
82            android:theme="@style/ThemeTransparent" />
82-->[:flutter_inappwebview] AndroidManifest.xml:24:13-52
83        <activity
83-->[:flutter_inappwebview] AndroidManifest.xml:25:9-28:55
84            android:name="com.pichillilorenzo.flutter_inappwebview.chrome_custom_tabs.TrustedWebActivity"
84-->[:flutter_inappwebview] AndroidManifest.xml:26:13-106
85            android:exported="false"
85-->[:flutter_inappwebview] AndroidManifest.xml:27:13-37
86            android:theme="@style/ThemeTransparent" />
86-->[:flutter_inappwebview] AndroidManifest.xml:28:13-52
87        <activity
87-->[:flutter_inappwebview] AndroidManifest.xml:29:9-33:55
88            android:name="com.pichillilorenzo.flutter_inappwebview.chrome_custom_tabs.ChromeCustomTabsActivitySingleInstance"
88-->[:flutter_inappwebview] AndroidManifest.xml:30:13-126
89            android:exported="false"
89-->[:flutter_inappwebview] AndroidManifest.xml:31:13-37
90            android:launchMode="singleInstance"
90-->[:flutter_inappwebview] AndroidManifest.xml:32:13-48
91            android:theme="@style/ThemeTransparent" />
91-->[:flutter_inappwebview] AndroidManifest.xml:33:13-52
92        <activity
92-->[:flutter_inappwebview] AndroidManifest.xml:34:9-38:55
93            android:name="com.pichillilorenzo.flutter_inappwebview.chrome_custom_tabs.TrustedWebActivitySingleInstance"
93-->[:flutter_inappwebview] AndroidManifest.xml:35:13-120
94            android:exported="false"
94-->[:flutter_inappwebview] AndroidManifest.xml:36:13-37
95            android:launchMode="singleInstance"
95-->[:flutter_inappwebview] AndroidManifest.xml:37:13-48
96            android:theme="@style/ThemeTransparent" />
96-->[:flutter_inappwebview] AndroidManifest.xml:38:13-52
97
98        <receiver
98-->[:flutter_inappwebview] AndroidManifest.xml:40:9-43:40
99            android:name="com.pichillilorenzo.flutter_inappwebview.chrome_custom_tabs.ActionBroadcastReceiver"
99-->[:flutter_inappwebview] AndroidManifest.xml:41:13-111
100            android:enabled="true"
100-->[:flutter_inappwebview] AndroidManifest.xml:42:13-35
101            android:exported="false" />
101-->[:flutter_inappwebview] AndroidManifest.xml:43:13-37
102
103        <meta-data
103-->[:flutter_inappwebview] AndroidManifest.xml:45:9-47:36
104            android:name="io.flutter.embedded_views_preview"
104-->[:flutter_inappwebview] AndroidManifest.xml:46:13-61
105            android:value="true" />
105-->[:flutter_inappwebview] AndroidManifest.xml:47:13-33
106
107        <uses-library
107-->[androidx.window:window:1.0.0-beta04] AndroidManifest.xml:25:9-27:40
108            android:name="androidx.window.extensions"
108-->[androidx.window:window:1.0.0-beta04] AndroidManifest.xml:26:13-54
109            android:required="false" />
109-->[androidx.window:window:1.0.0-beta04] AndroidManifest.xml:27:13-37
110        <uses-library
110-->[androidx.window:window:1.0.0-beta04] AndroidManifest.xml:28:9-30:40
111            android:name="androidx.window.sidecar"
111-->[androidx.window:window:1.0.0-beta04] AndroidManifest.xml:29:13-51
112            android:required="false" />
112-->[androidx.window:window:1.0.0-beta04] AndroidManifest.xml:30:13-37
113
114        <provider
114-->[androidx.emoji2:emoji2:1.2.0] AndroidManifest.xml:24:9-32:20
115            android:name="androidx.startup.InitializationProvider"
115-->[androidx.emoji2:emoji2:1.2.0] AndroidManifest.xml:25:13-67
116            android:authorities="com.example.dars_29_home.androidx-startup"
116-->[androidx.emoji2:emoji2:1.2.0] AndroidManifest.xml:26:13-68
117            android:exported="false" >
117-->[androidx.emoji2:emoji2:1.2.0] AndroidManifest.xml:27:13-37
118            <meta-data
118-->[androidx.emoji2:emoji2:1.2.0] AndroidManifest.xml:29:13-31:52
119                android:name="androidx.emoji2.text.EmojiCompatInitializer"
119-->[androidx.emoji2:emoji2:1.2.0] AndroidManifest.xml:30:17-75
120                android:value="androidx.startup" />
120-->[androidx.emoji2:emoji2:1.2.0] AndroidManifest.xml:31:17-49
121            <meta-data
121-->[androidx.lifecycle:lifecycle-process:2.4.1] AndroidManifest.xml:31:13-33:52
122                android:name="androidx.lifecycle.ProcessLifecycleInitializer"
122-->[androidx.lifecycle:lifecycle-process:2.4.1] AndroidManifest.xml:32:17-78
123                android:value="androidx.startup" />
123-->[androidx.lifecycle:lifecycle-process:2.4.1] AndroidManifest.xml:33:17-49
124        </provider>
125    </application>
126
127</manifest>